<?xml version="1.0" encoding="UTF-8"?>
<testsuite name="application.ScoreCollectionTest" tests="1" skipped="0" failures="0" errors="0" timestamp="2020-04-05T13:28:35" hostname="SEUNGHO" time="0.025">
  <properties/>
  <testcase name="answersArithmeticMeanOfTwoNumbers" classname="application.ScoreCollectionTest" time="0.025"/>
  <system-out><![CDATA[]]></system-out>
  <system-err><![CDATA[]]></system-err>
</testsuite>
